Using pre-set license
Built from '2020.3/staging' branch; Version is '2020.3.30f1 (1fb1bf06830e) revision 2077119'; Using compiler version '192528614'; Build Type 'Release'
OS: 'Windows 11  (10.0.22000) 64bit Core' Language: 'en' Physical Memory: 7105 MB
BatchMode: 1, IsHumanControllingUs: 0, StartBugReporterOnCrash: 0, Is64bit: 1, IsPro: 0

COMMAND LINE ARGUMENTS:
C:\Program Files\Unity\Hub\Editor\2020.3.30f1\Editor\Unity.exe
-adb2
-batchMode
-noUpm
-name
AssetImportWorker0
-projectPath
C:/Users/yhybk/Desktop/Git/survival_game/Survival
-logFile
Logs/AssetImportWorker0.log
-srvPort
61083
Successfully changed project path to: C:/Users/yhybk/Desktop/Git/survival_game/Survival
C:/Users/yhybk/Desktop/Git/survival_game/Survival
Using Asset Import Pipeline V2.
Refreshing native plugins compatible for Editor in 65.95 ms, found 2 plugins.
Preloading 0 native plugins for Editor in 0.00 ms.
Initialize engine version: 2020.3.30f1 (1fb1bf06830e)
[Subsystems] Discovering subsystems at path C:/Program Files/Unity/Hub/Editor/2020.3.30f1/Editor/Data/Resources/UnitySubsystems
[Subsystems] Discovering subsystems at path C:/Users/yhybk/Desktop/Git/survival_game/Survival/Assets
GfxDevice: creating device client; threaded=0
Direct3D:
    Version:  Direct3D 11.0 [level 11.1]
    Renderer: AMD Radeon(TM) Vega 8 Graphics (ID=0x15d8)
    Vendor:   
    VRAM:     3552 MB
    Driver:   26.20.11030.22001
Initialize mono
Mono path[0] = 'C:/Program Files/Unity/Hub/Editor/2020.3.30f1/Editor/Data/Managed'
Mono path[1] = 'C:/Program Files/Unity/Hub/Editor/2020.3.30f1/Editor/Data/MonoBleedingEdge/lib/mono/unityjit'
Mono config path = 'C:/Program Files/Unity/Hub/Editor/2020.3.30f1/Editor/Data/MonoBleedingEdge/etc'
Using monoOptions --debugger-agent=transport=dt_socket,embedding=1,server=y,suspend=n,address=127.0.0.1:56320
Begin MonoManager ReloadAssembly
Registering precompiled unity dll's ...
Register platform support module: C:/Program Files/Unity/Hub/Editor/2020.3.30f1/Editor/Data/PlaybackEngines/WebGLSupport/UnityEditor.WebGL.Extensions.dll
Register platform support module: C:/Program Files/Unity/Hub/Editor/2020.3.30f1/Editor/Data/PlaybackEngines/WindowsStandaloneSupport/UnityEditor.WindowsStandalone.Extensions.dll
Registered in 0.004969 seconds.
Native extension for WindowsStandalone target not found
Native extension for WebGL target not found
Refreshing native plugins compatible for Editor in 123.32 ms, found 2 plugins.
Preloading 0 native plugins for Editor in 0.00 ms.
Mono: successfully reloaded assembly
- Completed reload, in  1.366 seconds
Domain Reload Profiling:
	ReloadAssembly (1367ms)
		BeginReloadAssembly (120ms)
			ExecutionOrderSort (0ms)
			DisableScriptedObjects (0ms)
			BackupInstance (0ms)
			ReleaseScriptingObjects (0ms)
			CreateAndSetChildDomain (2ms)
		EndReloadAssembly (1052ms)
			LoadAssemblies (116ms)
			RebuildTransferFunctionScriptingTraits (0ms)
			SetupTypeCache (317ms)
			ReleaseScriptCaches (0ms)
			RebuildScriptCaches (77ms)
			SetupLoadedEditorAssemblies (435ms)
				LogAssemblyErrors (0ms)
				InitializePlatformSupportModulesInManaged (11ms)
				SetLoadedEditorAssemblies (0ms)
				RefreshPlugins (123ms)
				BeforeProcessingInitializeOnLoad (21ms)
				ProcessInitializeOnLoadAttributes (221ms)
				ProcessInitializeOnLoadMethodAttributes (56ms)
				AfterProcessingInitializeOnLoad (0ms)
				EditorAssembliesLoaded (0ms)
			ExecutionOrderSort2 (0ms)
			AwakeInstancesAfterBackupRestoration (0ms)
Platform modules already initialized, skipping
Registering precompiled user dll's ...
Registered in 0.004602 seconds.
Begin MonoManager ReloadAssembly
Native extension for WindowsStandalone target not found
Native extension for WebGL target not found
Refreshing native plugins compatible for Editor in 73.71 ms, found 2 plugins.
Preloading 0 native plugins for Editor in 0.00 ms.
Mono: successfully reloaded assembly
- Completed reload, in  2.217 seconds
Domain Reload Profiling:
	ReloadAssembly (2220ms)
		BeginReloadAssembly (249ms)
			ExecutionOrderSort (0ms)
			DisableScriptedObjects (11ms)
			BackupInstance (0ms)
			ReleaseScriptingObjects (0ms)
			CreateAndSetChildDomain (43ms)
		EndReloadAssembly (1835ms)
			LoadAssemblies (133ms)
			RebuildTransferFunctionScriptingTraits (0ms)
			SetupTypeCache (471ms)
			ReleaseScriptCaches (1ms)
			RebuildScriptCaches (135ms)
			SetupLoadedEditorAssemblies (786ms)
				LogAssemblyErrors (0ms)
				InitializePlatformSupportModulesInManaged (7ms)
				SetLoadedEditorAssemblies (0ms)
				RefreshPlugins (74ms)
				BeforeProcessingInitializeOnLoad (186ms)
				ProcessInitializeOnLoadAttributes (469ms)
				ProcessInitializeOnLoadMethodAttributes (32ms)
				AfterProcessingInitializeOnLoad (17ms)
				EditorAssembliesLoaded (1ms)
			ExecutionOrderSort2 (0ms)
			AwakeInstancesAfterBackupRestoration (18ms)
Platform modules already initialized, skipping
========================================================================
Worker process is ready to serve import requests
Launched and connected shader compiler UnityShaderCompiler.exe after 0.11 seconds
Refreshing native plugins compatible for Editor in 0.92 ms, found 2 plugins.
Preloading 0 native plugins for Editor in 0.00 ms.
Unloading 2859 Unused Serialized files (Serialized files now loaded: 0)
System memory in use before: 129.0 MB.
System memory in use after: 129.2 MB.

Unloading 17 unused Assets to reduce memory usage. Loaded Objects now: 3300.
Total: 9.642400 ms (FindLiveObjects: 0.388000 ms CreateObjectMapping: 0.144600 ms MarkObjects: 8.900500 ms  DeleteObjects: 0.207300 ms)

AssetImportParameters requested are different than current active one (requested -> active):
  custom:framework-win-MediaFoundation: 216162199b28c13a410421893ffa2e32 -> 
  custom:video-decoder-ogg-theora: a1e56fd34408186e4bbccfd4996cb3dc -> 
  custom:container-muxer-webm: aa71ff27fc2769a1b78a27578f13a17b -> 
  custom:container-demuxer-webm: 4f35f7cbe854078d1ac9338744f61a02 -> 
  custom:container-demuxer-ogg: 62fdf1f143b41e24485cea50d1cbac27 -> 
  custom:video-encoder-webm-vp8: eb34c28f22e8b96e1ab97ce403110664 -> 
  custom:video-codec-MediaFoundation-h265: 746d11721c4dcdbdad8f713fa42b33f4 -> 
  custom:video-decoder-webm-vp8: 9c59270c3fd7afecdb556c50c9e8de78 -> 
  custom:audio-decoder-ogg-vorbis: bf7c407c2cedff20999df2af8eb42d56 -> 
  custom:audio-encoder-webm-vorbis: bf7c407c2cedff20999df2af8eb42d56 -> 
========================================================================
Received Import Request.
  path: Assets/Sprites/SakuraImmature.psd
  artifactKey: Guid(dfbced6235893364ea1cabee75fa211e) Importer(815301076,1909f56bfc062723c751e8b465ee728b)
Start importing Assets/Sprites/SakuraImmature.psd using Guid(dfbced6235893364ea1cabee75fa211e) Importer(815301076,1909f56bfc062723c751e8b465ee728b)  -> (artifact id: '256aad2ecd8ceb7b11d5baf452ada3e0') in 0.166463 seconds 
========================================================================
Received Import Request.
  Time since last request: 0.000513 seconds.
  path: Assets/Sprites/bow&arrow.jpg
  artifactKey: Guid(ca636c9346f1c6544b7cb0c8ef7f776d) Importer(815301076,1909f56bfc062723c751e8b465ee728b)
Start importing Assets/Sprites/bow&arrow.jpg using Guid(ca636c9346f1c6544b7cb0c8ef7f776d) Importer(815301076,1909f56bfc062723c751e8b465ee728b)  -> (artifact id: '469dfe175b10a641cc7304571a879a96') in 0.144352 seconds 
========================================================================
Received Import Request.
  Time since last request: 0.000721 seconds.
  path: Assets/Sprites/Survival-UI.psd
  artifactKey: Guid(a3dd978fcdbd8d244a861e3f9ab884c9) Importer(815301076,1909f56bfc062723c751e8b465ee728b)
Start importing Assets/Sprites/Survival-UI.psd using Guid(a3dd978fcdbd8d244a861e3f9ab884c9) Importer(815301076,1909f56bfc062723c751e8b465ee728b)  -> (artifact id: 'b56f68b3be3b26311314e8ae5882ca29') in 0.239110 seconds 
========================================================================
Received Import Request.
  Time since last request: 0.000483 seconds.
  path: Assets/Sprites/SakuraLeaf.psd
  artifactKey: Guid(14276877462a11045a8f71f7f019f9a0) Importer(815301076,1909f56bfc062723c751e8b465ee728b)
Start importing Assets/Sprites/SakuraLeaf.psd using Guid(14276877462a11045a8f71f7f019f9a0) Importer(815301076,1909f56bfc062723c751e8b465ee728b)  -> (artifact id: '04a274081975020a705656fd053bba29') in 0.054100 seconds 
========================================================================
Received Import Request.
  Time since last request: 0.000483 seconds.
  path: Assets/Sprites
  artifactKey: Guid(654c9009fb5ebdf498b2e580aa0353f4) Importer(815301076,1909f56bfc062723c751e8b465ee728b)
Start importing Assets/Sprites using Guid(654c9009fb5ebdf498b2e580aa0353f4) Importer(815301076,1909f56bfc062723c751e8b465ee728b)  -> (artifact id: '8f85c9529fdfe23a2ad3054129d6a1be') in 0.015220 seconds 
========================================================================
Received Import Request.
  Time since last request: 0.000465 seconds.
  path: Assets/colorCodes.txt
  artifactKey: Guid(8c975aabf6d2dc44795815a254ba8f44) Importer(815301076,1909f56bfc062723c751e8b465ee728b)
Start importing Assets/colorCodes.txt using Guid(8c975aabf6d2dc44795815a254ba8f44) Importer(815301076,1909f56bfc062723c751e8b465ee728b)  -> (artifact id: 'dcfe775c7ff303f68d712b0bf9111f1b') in 0.055211 seconds 
========================================================================
Received Import Request.
  Time since last request: 0.000396 seconds.
  path: Assets/Sprites/SakuraSmall.psd
  artifactKey: Guid(48c8fe08d9a29f94d90fc7dfc73d5bfb) Importer(815301076,1909f56bfc062723c751e8b465ee728b)
Start importing Assets/Sprites/SakuraSmall.psd using Guid(48c8fe08d9a29f94d90fc7dfc73d5bfb) Importer(815301076,1909f56bfc062723c751e8b465ee728b)  -> (artifact id: '657dfd914f5865188cefd4a2ff2a4253') in 0.067706 seconds 
========================================================================
Received Import Request.
  Time since last request: 0.000312 seconds.
  path: Assets/Sprites/Leaf.psd
  artifactKey: Guid(c9d65798450d02449bbfd49fb72e4120) Importer(815301076,1909f56bfc062723c751e8b465ee728b)
Start importing Assets/Sprites/Leaf.psd using Guid(c9d65798450d02449bbfd49fb72e4120) Importer(815301076,1909f56bfc062723c751e8b465ee728b)  -> (artifact id: '3aa657155a7647deef98aeeef37e66a3') in 0.081450 seconds 
========================================================================
Received Import Request.
  Time since last request: 0.000472 seconds.
  path: Assets/Sprites/MushroomColor.png
  artifactKey: Guid(873439e171421b74eaf23e969c0c24b5) Importer(815301076,1909f56bfc062723c751e8b465ee728b)
Start importing Assets/Sprites/MushroomColor.png using Guid(873439e171421b74eaf23e969c0c24b5) Importer(815301076,1909f56bfc062723c751e8b465ee728b)  -> (artifact id: '2d2c6f24a6de3c08538bdfb4762ef96c') in 0.055824 seconds 
========================================================================
Received Import Request.
  Time since last request: 13.306455 seconds.
  path: Assets/Settings
  artifactKey: Guid(0735c275001a2c84dafdb30deced5d8d) Importer(815301076,1909f56bfc062723c751e8b465ee728b)
Start importing Assets/Settings using Guid(0735c275001a2c84dafdb30deced5d8d) Importer(815301076,1909f56bfc062723c751e8b465ee728b)  -> (artifact id: '93acb47a41d734d0e1a9166c2e42237b') in 0.016499 seconds 
========================================================================
Received Import Request.
  Time since last request: 0.142979 seconds.
  path: Assets/Settings/ForwardRenderer.asset
  artifactKey: Guid(4a8e21d5c33334b11b34a596161b9360) Importer(815301076,1909f56bfc062723c751e8b465ee728b)
Start importing Assets/Settings/ForwardRenderer.asset using Guid(4a8e21d5c33334b11b34a596161b9360) Importer(815301076,1909f56bfc062723c751e8b465ee728b)  -> (artifact id: '7fa9b3dd9f62dc012d0e81b7cffdedc2') in 0.025886 seconds 
========================================================================
Received Import Request.
  Time since last request: 0.000507 seconds.
  path: Assets/Settings/SampleSceneProfile.asset
  artifactKey: Guid(10fc4df2da32a41aaa32d77bc913491c) Importer(815301076,1909f56bfc062723c751e8b465ee728b)
Start importing Assets/Settings/SampleSceneProfile.asset using Guid(10fc4df2da32a41aaa32d77bc913491c) Importer(815301076,1909f56bfc062723c751e8b465ee728b)  -> (artifact id: '169f1de2c012c473b45fd6a45753b3ff') in 0.049944 seconds 
========================================================================
Received Import Request.
  Time since last request: 0.000594 seconds.
  path: Assets/Settings/UniversalRP-LowQuality.asset
  artifactKey: Guid(a31e9f9f9c9d4b9429ed0d1234e22103) Importer(815301076,1909f56bfc062723c751e8b465ee728b)
Start importing Assets/Settings/UniversalRP-LowQuality.asset using Guid(a31e9f9f9c9d4b9429ed0d1234e22103) Importer(815301076,1909f56bfc062723c751e8b465ee728b)  -> (artifact id: 'bc14da2c87b545a19be7318e5855be97') in 0.015369 seconds 
========================================================================
Received Import Request.
  Time since last request: 0.000388 seconds.
  path: Assets/Settings/UniversalRP-MediumQuality.asset
  artifactKey: Guid(d847b876476d3d6468f5dfcd34266f96) Importer(815301076,1909f56bfc062723c751e8b465ee728b)
Start importing Assets/Settings/UniversalRP-MediumQuality.asset using Guid(d847b876476d3d6468f5dfcd34266f96) Importer(815301076,1909f56bfc062723c751e8b465ee728b)  -> (artifact id: '730be3227cc8bae0fa2ed2c818a09756') in 0.015951 seconds 
========================================================================
Received Import Request.
  Time since last request: 0.000393 seconds.
  path: Assets/Settings/UniversalRP-HighQuality.asset
  artifactKey: Guid(19ba41d7c0026c3459d37c2fe90c55a0) Importer(815301076,1909f56bfc062723c751e8b465ee728b)
Start importing Assets/Settings/UniversalRP-HighQuality.asset using Guid(19ba41d7c0026c3459d37c2fe90c55a0) Importer(815301076,1909f56bfc062723c751e8b465ee728b)  -> (artifact id: '830a19abacffd2982fe520f0b2e7493f') in 0.017510 seconds 
========================================================================
Received Import Request.
  Time since last request: 1.774292 seconds.
  path: Assets/Scripts
  artifactKey: Guid(02a3527b6b33a924e8ec66aa805ea717) Importer(815301076,1909f56bfc062723c751e8b465ee728b)
Start importing Assets/Scripts using Guid(02a3527b6b33a924e8ec66aa805ea717) Importer(815301076,1909f56bfc062723c751e8b465ee728b)  -> (artifact id: '3d22bec3b2937c29cd085e1506c06094') in 0.016095 seconds 
========================================================================
Received Import Request.
  Time since last request: 2.064821 seconds.
  path: Assets/Scenes
  artifactKey: Guid(9f2e47ab3bda25b44bbf55ad9ac93bbf) Importer(815301076,1909f56bfc062723c751e8b465ee728b)
Start importing Assets/Scenes using Guid(9f2e47ab3bda25b44bbf55ad9ac93bbf) Importer(815301076,1909f56bfc062723c751e8b465ee728b)  -> (artifact id: 'd0c407badba8a958b323aae117747b93') in 0.015048 seconds 
========================================================================
Received Import Request.
  Time since last request: 2.429474 seconds.
  path: Assets/Presets
  artifactKey: Guid(558255460b74ec04fa70b5570e9327bd) Importer(815301076,1909f56bfc062723c751e8b465ee728b)
Start importing Assets/Presets using Guid(558255460b74ec04fa70b5570e9327bd) Importer(815301076,1909f56bfc062723c751e8b465ee728b)  -> (artifact id: '99e4144fdf7d1a139d389fda8ba1dbbd') in 0.016008 seconds 
========================================================================
Received Import Request.
  Time since last request: 0.142505 seconds.
  path: Assets/Presets/AudioCompressedInMemory.preset
  artifactKey: Guid(2dd802e4d37c65149922028d3e973832) Importer(815301076,1909f56bfc062723c751e8b465ee728b)
Start importing Assets/Presets/AudioCompressedInMemory.preset using Guid(2dd802e4d37c65149922028d3e973832) Importer(815301076,1909f56bfc062723c751e8b465ee728b)  -> (artifact id: '70939c7466a0a575c20e055aeedbc52e') in 0.021267 seconds 
========================================================================
Received Import Request.
  Time since last request: 0.000478 seconds.
  path: Assets/Presets/AudioStreaming.preset
  artifactKey: Guid(86bcce7f5575b54408aa0f3a7d321039) Importer(815301076,1909f56bfc062723c751e8b465ee728b)
Start importing Assets/Presets/AudioStreaming.preset using Guid(86bcce7f5575b54408aa0f3a7d321039) Importer(815301076,1909f56bfc062723c751e8b465ee728b)  -> (artifact id: '3fd64b4b8f6783da8d1e546ffa643e31') in 0.018348 seconds 
========================================================================
Received Import Request.
  Time since last request: 0.000583 seconds.
  path: Assets/Presets/NormalTexture.preset
  artifactKey: Guid(14a57cf3b9fa1c74b884aa7e0dcf1faa) Importer(815301076,1909f56bfc062723c751e8b465ee728b)
Start importing Assets/Presets/NormalTexture.preset using Guid(14a57cf3b9fa1c74b884aa7e0dcf1faa) Importer(815301076,1909f56bfc062723c751e8b465ee728b)  -> (artifact id: '2180124ffec99f6a58fa05f7255d1536') in 0.022344 seconds 
========================================================================
Received Import Request.
  Time since last request: 0.000464 seconds.
  path: Assets/Presets/UtilityTexture.preset
  artifactKey: Guid(45f7b2e3c78185248b3adbb14429c2ab) Importer(815301076,1909f56bfc062723c751e8b465ee728b)
Start importing Assets/Presets/UtilityTexture.preset using Guid(45f7b2e3c78185248b3adbb14429c2ab) Importer(815301076,1909f56bfc062723c751e8b465ee728b)  -> (artifact id: 'f4ea12d61e319528c50666fe0b61b6e2') in 0.021823 seconds 
========================================================================
Received Import Request.
  Time since last request: 1.995745 seconds.
  path: Assets/Models
  artifactKey: Guid(983e9fecd5bba1e4ebeedfc75de4f96c) Importer(815301076,1909f56bfc062723c751e8b465ee728b)
Start importing Assets/Models using Guid(983e9fecd5bba1e4ebeedfc75de4f96c) Importer(815301076,1909f56bfc062723c751e8b465ee728b)  -> (artifact id: 'd5d11e44a6fe1f58b1b66b81bfe45cac') in 0.015795 seconds 
========================================================================
Received Import Request.
  Time since last request: 0.193795 seconds.
  path: Assets/Models/axe.fbx
  artifactKey: Guid(72b065d137d78fe4d922b83c18a8bb58) Importer(815301076,1909f56bfc062723c751e8b465ee728b)
Start importing Assets/Models/axe.fbx using Guid(72b065d137d78fe4d922b83c18a8bb58) Importer(815301076,1909f56bfc062723c751e8b465ee728b)  -> (artifact id: 'ab11832653199c8d41a169bb25b7b3de') in 1.705007 seconds 
========================================================================
Received Import Request.
  Time since last request: 0.000333 seconds.
  path: Assets/Models/pickaxe.fbx
  artifactKey: Guid(8a2e3a60308a4ac4484754872eee6a37) Importer(815301076,1909f56bfc062723c751e8b465ee728b)
Start importing Assets/Models/pickaxe.fbx using Guid(8a2e3a60308a4ac4484754872eee6a37) Importer(815301076,1909f56bfc062723c751e8b465ee728b)  -> (artifact id: '0a40ba80026d3218811a994d638af889') in 0.220905 seconds 
========================================================================
Received Import Request.
  Time since last request: 0.000535 seconds.
  path: Assets/Models/Terrain.fbx
  artifactKey: Guid(b2b7638b5e230214fad7e84eb766fb4c) Importer(815301076,1909f56bfc062723c751e8b465ee728b)
Start importing Assets/Models/Terrain.fbx using Guid(b2b7638b5e230214fad7e84eb766fb4c) Importer(815301076,1909f56bfc062723c751e8b465ee728b)  -> (artifact id: 'd948cae390f16816eba5291d82971497') in 0.644406 seconds 
========================================================================
Received Import Request.
  Time since last request: 0.000366 seconds.
  path: Assets/Models/Woods.fbx
  artifactKey: Guid(a17c1434fddd97247b7152193e200d5a) Importer(815301076,1909f56bfc062723c751e8b465ee728b)
Start importing Assets/Models/Woods.fbx using Guid(a17c1434fddd97247b7152193e200d5a) Importer(815301076,1909f56bfc062723c751e8b465ee728b)  -> (artifact id: '9f41f8bed75f6d010fe854da7b7bcd2d') in 0.433691 seconds 
========================================================================
Received Import Request.
  Time since last request: 0.000448 seconds.
  path: Assets/Models/deer.fbx
  artifactKey: Guid(73a8356633f038d48af7d1d889fe422d) Importer(815301076,1909f56bfc062723c751e8b465ee728b)
Start importing Assets/Models/deer.fbx using Guid(73a8356633f038d48af7d1d889fe422d) Importer(815301076,1909f56bfc062723c751e8b465ee728b)  -> (artifact id: '7dc17e923dfa87589f87d8517e69da23') in 0.137961 seconds 
========================================================================
Received Import Request.
  Time since last request: 0.000517 seconds.
  path: Assets/Models/tree.fbx
  artifactKey: Guid(9ab9e718cf73d5649b239d498cfa1d03) Importer(815301076,1909f56bfc062723c751e8b465ee728b)
Start importing Assets/Models/tree.fbx using Guid(9ab9e718cf73d5649b239d498cfa1d03) Importer(815301076,1909f56bfc062723c751e8b465ee728b)  -> (artifact id: '80f62984ee599dc667a837dc20a1c0a4') in 1.983929 seconds 
========================================================================
Received Import Request.
  Time since last request: 0.000423 seconds.
  path: Assets/Materials
  artifactKey: Guid(d0234ba368eeec9418390da711bfdad0) Importer(815301076,1909f56bfc062723c751e8b465ee728b)
Start importing Assets/Materials using Guid(d0234ba368eeec9418390da711bfdad0) Importer(815301076,1909f56bfc062723c751e8b465ee728b)  -> (artifact id: 'fa67f7aafba014bdcc74449d8eba51d0') in 0.013857 seconds 
========================================================================
Received Import Request.
  Time since last request: 0.000304 seconds.
  path: Assets/Materials/Skybox_Mat.mat
  artifactKey: Guid(0ffaa0b7117ba8c47a9d05ae701d4b4d) Importer(815301076,1909f56bfc062723c751e8b465ee728b)
Start importing Assets/Materials/Skybox_Mat.mat using Guid(0ffaa0b7117ba8c47a9d05ae701d4b4d) Importer(815301076,1909f56bfc062723c751e8b465ee728b)  -> (artifact id: '88a154dad5517b789e2121232f1a08df') in 0.116594 seconds 
========================================================================
Received Import Request.
  Time since last request: 0.000506 seconds.
  path: Assets/Materials/Material.005.mat
  artifactKey: Guid(cbc80b36f8da0284d8ebea0223919636) Importer(815301076,1909f56bfc062723c751e8b465ee728b)
Start importing Assets/Materials/Material.005.mat using Guid(cbc80b36f8da0284d8ebea0223919636) Importer(815301076,1909f56bfc062723c751e8b465ee728b)  -> (artifact id: '7e4e898756fccb9f8d733959078ca795') in 0.060952 seconds 
========================================================================
Received Import Request.
  Time since last request: 0.000413 seconds.
  path: Assets/Models/bow.fbx
  artifactKey: Guid(ea523311274352b4792209513bb54891) Importer(815301076,1909f56bfc062723c751e8b465ee728b)
Start importing Assets/Models/bow.fbx using Guid(ea523311274352b4792209513bb54891) Importer(815301076,1909f56bfc062723c751e8b465ee728b)  -> (artifact id: 'b293b5bb0e9a224d5a0e53da3d3bac0b') in 0.166022 seconds 
========================================================================
Received Import Request.
  Time since last request: 0.000413 seconds.
  path: Assets/Models/cat.fbx
  artifactKey: Guid(7b2bdedddb5a57a45a11cb805dd35d9e) Importer(815301076,1909f56bfc062723c751e8b465ee728b)
Start importing Assets/Models/cat.fbx using Guid(7b2bdedddb5a57a45a11cb805dd35d9e) Importer(815301076,1909f56bfc062723c751e8b465ee728b)  -> (artifact id: '29cbae329de6215ce4d4fe5411ace21f') in 0.607109 seconds 
========================================================================
Received Import Request.
  Time since last request: 0.000334 seconds.
  path: Assets/Materials/mat4.png
  artifactKey: Guid(2e5adc68d6118364783b66516a718f91) Importer(815301076,1909f56bfc062723c751e8b465ee728b)
Start importing Assets/Materials/mat4.png using Guid(2e5adc68d6118364783b66516a718f91) Importer(815301076,1909f56bfc062723c751e8b465ee728b)  -> (artifact id: 'a9eb1660741b732902f67b276b617066') in 0.125693 seconds 
========================================================================
Received Import Request.
  Time since last request: 0.000579 seconds.
  path: Assets/Materials/Player.physicMaterial
  artifactKey: Guid(352f394aa58529b4aa49f1fb5c315503) Importer(815301076,1909f56bfc062723c751e8b465ee728b)
Start importing Assets/Materials/Player.physicMaterial using Guid(352f394aa58529b4aa49f1fb5c315503) Importer(815301076,1909f56bfc062723c751e8b465ee728b)  -> (artifact id: '73b9b8d0c78714d0b27bb293a31bfe95') in 0.019320 seconds 
========================================================================
Received Import Request.
  Time since last request: 0.000429 seconds.
  path: Assets/Materials/Skybox_Mat 1.mat
  artifactKey: Guid(7bdd53ce877aa8a438afb6e13628cb9c) Importer(815301076,1909f56bfc062723c751e8b465ee728b)
Start importing Assets/Materials/Skybox_Mat 1.mat using Guid(7bdd53ce877aa8a438afb6e13628cb9c) Importer(815301076,1909f56bfc062723c751e8b465ee728b)  -> (artifact id: 'ef4bf7b22c5333fa8845de3b848c29d4') in 0.274090 seconds 
========================================================================
Received Import Request.
  Time since last request: 2.625396 seconds.
  path: Assets/Fonts
  artifactKey: Guid(735205c53bf144f4195fa03107b32b8a) Importer(815301076,1909f56bfc062723c751e8b465ee728b)
Start importing Assets/Fonts using Guid(735205c53bf144f4195fa03107b32b8a) Importer(815301076,1909f56bfc062723c751e8b465ee728b)  -> (artifact id: 'f85d3c5355950e1bef8219c5c5476e2d') in 0.016283 seconds 
========================================================================
Received Import Request.
  Time since last request: 0.033774 seconds.
  path: Assets/Fonts/Anton-Regular.ttf
  artifactKey: Guid(31722e54c24515d4cada9bbb0ba1c7f5) Importer(815301076,1909f56bfc062723c751e8b465ee728b)
Start importing Assets/Fonts/Anton-Regular.ttf using Guid(31722e54c24515d4cada9bbb0ba1c7f5) Importer(815301076,1909f56bfc062723c751e8b465ee728b)  -> (artifact id: 'f94a2198e51c30f4d5f0f4583de3ee38') in 0.113875 seconds 
========================================================================
Received Import Request.
  Time since last request: 1.668771 seconds.
  path: Assets/Animations
  artifactKey: Guid(f760262dc0d108d44aa468638c4f0725) Importer(815301076,1909f56bfc062723c751e8b465ee728b)
Start importing Assets/Animations using Guid(f760262dc0d108d44aa468638c4f0725) Importer(815301076,1909f56bfc062723c751e8b465ee728b)  -> (artifact id: 'dee94974733ec32ee2dc088f762ca6f8') in 0.015560 seconds 
========================================================================
Received Import Request.
  Time since last request: 25.606143 seconds.
  path: Assets/Scripts/AI.cs
  artifactKey: Guid(76aa5fb353d09924fb5ee624ebdd11d6) Importer(815301076,1909f56bfc062723c751e8b465ee728b)
Start importing Assets/Scripts/AI.cs using Guid(76aa5fb353d09924fb5ee624ebdd11d6) Importer(815301076,1909f56bfc062723c751e8b465ee728b)  -> (artifact id: '1dec3318a6a9e004ac6a96cd2db22ec7') in 0.047600 seconds 
========================================================================
Received Import Request.
  Time since last request: 7.016951 seconds.
  path: Assets/Scripts/Arrow.cs
  artifactKey: Guid(adcd106d8c0caf34a87d7883cb698bf7) Importer(815301076,1909f56bfc062723c751e8b465ee728b)
Start importing Assets/Scripts/Arrow.cs using Guid(adcd106d8c0caf34a87d7883cb698bf7) Importer(815301076,1909f56bfc062723c751e8b465ee728b)  -> (artifact id: '161a70d23ae28c0003b13c31c7cad126') in 0.016149 seconds 
========================================================================
Received Import Request.
  Time since last request: 15.562375 seconds.
  path: Assets/Scripts/AttackAnimation.cs
  artifactKey: Guid(6390c5ea2e86c634cb133170b04a0791) Importer(815301076,1909f56bfc062723c751e8b465ee728b)
Start importing Assets/Scripts/AttackAnimation.cs using Guid(6390c5ea2e86c634cb133170b04a0791) Importer(815301076,1909f56bfc062723c751e8b465ee728b)  -> (artifact id: 'ad3f78d1342f52f2c2e270b10b162a6d') in 0.014786 seconds 
========================================================================
Received Import Request.
  Time since last request: 13.146030 seconds.
  path: Assets/Scripts/Bow.cs
  artifactKey: Guid(c07cf3cec7e56184ebcde3d688b8f57e) Importer(815301076,1909f56bfc062723c751e8b465ee728b)
Start importing Assets/Scripts/Bow.cs using Guid(c07cf3cec7e56184ebcde3d688b8f57e) Importer(815301076,1909f56bfc062723c751e8b465ee728b)  -> (artifact id: 'dbd5b684cb074abc6c0b19ce346a72a1') in 0.013653 seconds 
========================================================================
Received Import Request.
  Time since last request: 3.113282 seconds.
  path: Assets/Scripts/Build.cs
  artifactKey: Guid(5fbaf43833a6bb941bb0a4dfd1371879) Importer(815301076,1909f56bfc062723c751e8b465ee728b)
Start importing Assets/Scripts/Build.cs using Guid(5fbaf43833a6bb941bb0a4dfd1371879) Importer(815301076,1909f56bfc062723c751e8b465ee728b)  -> (artifact id: 'f99a4739b7329d57b6b955b8e4ca13ed') in 0.014609 seconds 
========================================================================
Received Import Request.
  Time since last request: 3.341396 seconds.
  path: Assets/Scripts/CameraController.cs
  artifactKey: Guid(79bf4a1b3c11a2c458244fbcb6aa7f7b) Importer(815301076,1909f56bfc062723c751e8b465ee728b)
Start importing Assets/Scripts/CameraController.cs using Guid(79bf4a1b3c11a2c458244fbcb6aa7f7b) Importer(815301076,1909f56bfc062723c751e8b465ee728b)  -> (artifact id: 'afe3aa5277e82951048c9088c2a53fcb') in 0.014244 seconds 
========================================================================
Received Import Request.
  Time since last request: 8.827198 seconds.
  path: Assets/Scripts/Cat.cs
  artifactKey: Guid(5941ba029eb695442ac73f567af172a4) Importer(815301076,1909f56bfc062723c751e8b465ee728b)
Start importing Assets/Scripts/Cat.cs using Guid(5941ba029eb695442ac73f567af172a4) Importer(815301076,1909f56bfc062723c751e8b465ee728b)  -> (artifact id: '98adc5037ee6aff09e633e4382689b1b') in 0.016263 seconds 
========================================================================
Received Import Request.
  Time since last request: 2.013377 seconds.
  path: Assets/Scripts/Damagable.cs
  artifactKey: Guid(a007c82cfee98df45a0c3ff14a98fbf2) Importer(815301076,1909f56bfc062723c751e8b465ee728b)
Start importing Assets/Scripts/Damagable.cs using Guid(a007c82cfee98df45a0c3ff14a98fbf2) Importer(815301076,1909f56bfc062723c751e8b465ee728b)  -> (artifact id: 'a47d2760bda989e73292a2d3808b346a') in 0.013990 seconds 
========================================================================
Received Import Request.
  Time since last request: 1.819368 seconds.
  path: Assets/Scripts/Deer.cs
  artifactKey: Guid(a9664646b29da3c409db6eb84d536623) Importer(815301076,1909f56bfc062723c751e8b465ee728b)
Start importing Assets/Scripts/Deer.cs using Guid(a9664646b29da3c409db6eb84d536623) Importer(815301076,1909f56bfc062723c751e8b465ee728b)  -> (artifact id: 'f1c357c06804f7886816048b7db1e673') in 0.022783 seconds 
========================================================================
Received Import Request.
  Time since last request: 1.589574 seconds.
  path: Assets/Scripts/Door.cs
  artifactKey: Guid(634771cea43c6ce44a9ba3ff3e0d34e8) Importer(815301076,1909f56bfc062723c751e8b465ee728b)
Start importing Assets/Scripts/Door.cs using Guid(634771cea43c6ce44a9ba3ff3e0d34e8) Importer(815301076,1909f56bfc062723c751e8b465ee728b)  -> (artifact id: '771634aa4eb941ede9a7110e01d9b6dc') in 0.016593 seconds 
========================================================================
Received Import Request.
  Time since last request: 2.370399 seconds.
  path: Assets/Scripts/Helpers.cs
  artifactKey: Guid(9f95604c2c48b494d9fbc83582fbe902) Importer(815301076,1909f56bfc062723c751e8b465ee728b)
Start importing Assets/Scripts/Helpers.cs using Guid(9f95604c2c48b494d9fbc83582fbe902) Importer(815301076,1909f56bfc062723c751e8b465ee728b)  -> (artifact id: '16c0f3b06f0e3351f4d5c6402ad3acc8') in 0.015248 seconds 
========================================================================
Received Import Request.
  Time since last request: 4.831493 seconds.
  path: Assets/Scripts/Inventory.cs
  artifactKey: Guid(342bd946fc3b0674a9425a54164879fd) Importer(815301076,1909f56bfc062723c751e8b465ee728b)
Start importing Assets/Scripts/Inventory.cs using Guid(342bd946fc3b0674a9425a54164879fd) Importer(815301076,1909f56bfc062723c751e8b465ee728b)  -> (artifact id: '0674e480831463b0568c3b13181a61b3') in 0.018297 seconds 
========================================================================
Received Import Request.
  Time since last request: 3.499468 seconds.
  path: Assets/Scripts/PlayerController.cs
  artifactKey: Guid(d6dde0ed064edc04b9f4ea1a4978a42d) Importer(815301076,1909f56bfc062723c751e8b465ee728b)
Start importing Assets/Scripts/PlayerController.cs using Guid(d6dde0ed064edc04b9f4ea1a4978a42d) Importer(815301076,1909f56bfc062723c751e8b465ee728b)  -> (artifact id: '55565011234006398085772872eb7ecc') in 0.017088 seconds 
========================================================================
Received Import Request.
  Time since last request: 2.572843 seconds.
  path: Assets/Scripts/Ragdoll.cs
  artifactKey: Guid(78c22606a9313654bb7d961ea09f79f6) Importer(815301076,1909f56bfc062723c751e8b465ee728b)
Start importing Assets/Scripts/Ragdoll.cs using Guid(78c22606a9313654bb7d961ea09f79f6) Importer(815301076,1909f56bfc062723c751e8b465ee728b)  -> (artifact id: '02ec59481ab97a3db3b129b524977d25') in 0.022068 seconds 
========================================================================
Received Import Request.
  Time since last request: 2.294088 seconds.
  path: Assets/Scripts/SaveSystem.cs
  artifactKey: Guid(fa9b2392edf808a479a63dfea140c842) Importer(815301076,1909f56bfc062723c751e8b465ee728b)
Start importing Assets/Scripts/SaveSystem.cs using Guid(fa9b2392edf808a479a63dfea140c842) Importer(815301076,1909f56bfc062723c751e8b465ee728b)  -> (artifact id: '4f3b0861678ac3c17b78b7fedca439b3') in 0.015519 seconds 
========================================================================
Received Import Request.
  Time since last request: 6.094967 seconds.
  path: Assets/Scripts/Slots.cs
  artifactKey: Guid(0c71281b61d1a954fa602cfa2c13d28a) Importer(815301076,1909f56bfc062723c751e8b465ee728b)
Start importing Assets/Scripts/Slots.cs using Guid(0c71281b61d1a954fa602cfa2c13d28a) Importer(815301076,1909f56bfc062723c751e8b465ee728b)  -> (artifact id: '8d16bcff365f5d4ee426c4807b77e8d1') in 0.015282 seconds 
========================================================================
Received Import Request.
  Time since last request: 9.569143 seconds.
  path: Assets/Scripts/Weapon.cs
  artifactKey: Guid(ef3548b9fc10c174eb16495e852dbb64) Importer(815301076,1909f56bfc062723c751e8b465ee728b)
Start importing Assets/Scripts/Weapon.cs using Guid(ef3548b9fc10c174eb16495e852dbb64) Importer(815301076,1909f56bfc062723c751e8b465ee728b)  -> (artifact id: 'f263af327fa2ef607197ca88cdd92fd7') in 0.016359 seconds 
========================================================================
Received Prepare
Registering precompiled user dll's ...
Registered in 0.006015 seconds.
Begin MonoManager ReloadAssembly
Native extension for WindowsStandalone target not found
Native extension for WebGL target not found
Refreshing native plugins compatible for Editor in 1.01 ms, found 2 plugins.
Preloading 0 native plugins for Editor in 0.00 ms.
Mono: successfully reloaded assembly
- Completed reload, in  2.003 seconds
Domain Reload Profiling:
	ReloadAssembly (2003ms)
		BeginReloadAssembly (225ms)
			ExecutionOrderSort (0ms)
			DisableScriptedObjects (10ms)
			BackupInstance (0ms)
			ReleaseScriptingObjects (0ms)
			CreateAndSetChildDomain (56ms)
		EndReloadAssembly (1613ms)
			LoadAssemblies (199ms)
			RebuildTransferFunctionScriptingTraits (0ms)
			SetupTypeCache (536ms)
			ReleaseScriptCaches (2ms)
			RebuildScriptCaches (91ms)
			SetupLoadedEditorAssemblies (522ms)
				LogAssemblyErrors (0ms)
				InitializePlatformSupportModulesInManaged (10ms)
				SetLoadedEditorAssemblies (1ms)
				RefreshPlugins (1ms)
				BeforeProcessingInitializeOnLoad (142ms)
				ProcessInitializeOnLoadAttributes (329ms)
				ProcessInitializeOnLoadMethodAttributes (25ms)
				AfterProcessingInitializeOnLoad (13ms)
				EditorAssembliesLoaded (1ms)
			ExecutionOrderSort2 (0ms)
			AwakeInstancesAfterBackupRestoration (35ms)
Platform modules already initialized, skipping
Refreshing native plugins compatible for Editor in 1.39 ms, found 2 plugins.
Preloading 0 native plugins for Editor in 0.00 ms.
Unloading 2750 Unused Serialized files (Serialized files now loaded: 0)
System memory in use before: 141.2 MB.
System memory in use after: 141.5 MB.

Unloading 12 unused Assets to reduce memory usage. Loaded Objects now: 3394.
Total: 6.733900 ms (FindLiveObjects: 0.427800 ms CreateObjectMapping: 0.136400 ms MarkObjects: 6.127400 ms  DeleteObjects: 0.040500 ms)

AssetImportParameters requested are different than current active one (requested -> active):
  custom:framework-win-MediaFoundation: 216162199b28c13a410421893ffa2e32 -> 
  custom:video-decoder-ogg-theora: a1e56fd34408186e4bbccfd4996cb3dc -> 
  custom:container-muxer-webm: aa71ff27fc2769a1b78a27578f13a17b -> 
  custom:container-demuxer-webm: 4f35f7cbe854078d1ac9338744f61a02 -> 
  custom:container-demuxer-ogg: 62fdf1f143b41e24485cea50d1cbac27 -> 
  custom:video-encoder-webm-vp8: eb34c28f22e8b96e1ab97ce403110664 -> 
  custom:video-codec-MediaFoundation-h265: 746d11721c4dcdbdad8f713fa42b33f4 -> 
  custom:video-decoder-webm-vp8: 9c59270c3fd7afecdb556c50c9e8de78 -> 
  custom:audio-decoder-ogg-vorbis: bf7c407c2cedff20999df2af8eb42d56 -> 
  custom:audio-encoder-webm-vorbis: bf7c407c2cedff20999df2af8eb42d56 -> 
AssetImportWorkerClient::OnTransportError - code=2 error=End of file
